Namespace(anneal_updates=1000, batch_size=500, data_size=500, device='mps', draw_every=1000, epochs=20000, gamma=0.5, heteroskedastic=True, hid_size=128, homo_log_var_scale=-3.2188758248682006, homo_var=0.35, lr=0.01, mcvi=False, method='bayes', milestones=[1000, 3000, 5000, 9000, 13000], test_size=100, warmup_updates=14000)
Model(
  (linear): LinearGaussian(in_features=1, out_features=128)
  (relu1): ReluGaussian(in_features=128, out_features=128)
  (out): ReluGaussian(in_features=128, out_features=2)
)
  epoch        ELBO       ll         kl    lmbda
-------  ----------  -------  ---------  -------
      0  -1.406e+00  -1.4059  9.262e+01   0.0000
     20  -1.134e+00  -1.1340  9.296e+01   0.0000
     40  -5.579e-01  -0.5579  9.326e+01   0.0000
     60  -3.931e-01  -0.3931  9.359e+01   0.0000
     80  -2.519e-01  -0.2519  9.396e+01   0.0000
    100  2.737e-02  0.0274  9.451e+01   0.0000
    120  2.982e-01  0.2982  9.521e+01   0.0000
    140  3.964e-01  0.3964  9.577e+01   0.0000
    160  4.595e-01  0.4595  9.620e+01   0.0000
    180  5.058e-01  0.5058  9.659e+01   0.0000
    200  5.441e-01  0.5441  9.696e+01   0.0000
    220  5.765e-01  0.5765  9.730e+01   0.0000
    240  6.047e-01  0.6047  9.761e+01   0.0000
    260  6.303e-01  0.6303  9.790e+01   0.0000
    280  6.532e-01  0.6532  9.817e+01   0.0000
    300  6.715e-01  0.6715  9.843e+01   0.0000
    320  6.908e-01  0.6908  9.867e+01   0.0000
    340  7.035e-01  0.7035  9.891e+01   0.0000
    360  7.192e-01  0.7192  9.913e+01   0.0000
    380  7.306e-01  0.7306  9.935e+01   0.0000
    400  7.433e-01  0.7433  9.956e+01   0.0000
    420  7.557e-01  0.7557  9.976e+01   0.0000
    440  7.639e-01  0.7639  9.996e+01   0.0000
    460  7.727e-01  0.7727  1.001e+02   0.0000
    480  7.800e-01  0.7800  1.003e+02   0.0000
    500  7.859e-01  0.7859  1.005e+02   0.0000
    520  7.922e-01  0.7922  1.007e+02   0.0000
    540  7.980e-01  0.7980  1.008e+02   0.0000
    560  8.033e-01  0.8033  1.010e+02   0.0000
    580  8.080e-01  0.8080  1.011e+02   0.0000
    600  8.135e-01  0.8135  1.013e+02   0.0000
    620  8.178e-01  0.8178  1.014e+02   0.0000
    640  8.217e-01  0.8217  1.015e+02   0.0000
    660  8.266e-01  0.8266  1.016e+02   0.0000
    680  8.300e-01  0.8300  1.018e+02   0.0000
    700  8.328e-01  0.8328  1.019e+02   0.0000
    720  8.355e-01  0.8355  1.020e+02   0.0000
    740  8.381e-01  0.8381  1.021e+02   0.0000
    760  8.406e-01  0.8406  1.022e+02   0.0000
    780  8.430e-01  0.8430  1.023e+02   0.0000
    800  8.453e-01  0.8453  1.024e+02   0.0000
    820  8.475e-01  0.8475  1.025e+02   0.0000
    840  8.498e-01  0.8498  1.026e+02   0.0000
    860  8.520e-01  0.8520  1.027e+02   0.0000
    880  8.541e-01  0.8541  1.028e+02   0.0000
    900  8.563e-01  0.8563  1.029e+02   0.0000
    920  8.583e-01  0.8583  1.030e+02   0.0000
    940  8.601e-01  0.8601  1.031e+02   0.0000
    960  8.619e-01  0.8619  1.032e+02   0.0000
    980  8.636e-01  0.8636  1.033e+02   0.0000
   1000  8.652e-01  0.8652  1.033e+02   0.0000
   1020  8.964e-01  0.8964  1.034e+02   0.0000
   1040  8.480e-01  0.8480  1.034e+02   0.0000
   1060  8.626e-01  0.8626  1.035e+02   0.0000
   1080  8.742e-01  0.8742  1.035e+02   0.0000
   1100  8.731e-01  0.8731  1.036e+02   0.0000
   1120  8.764e-01  0.8764  1.036e+02   0.0000
   1140  8.774e-01  0.8774  1.036e+02   0.0000
   1160  8.792e-01  0.8792  1.037e+02   0.0000
   1180  8.798e-01  0.8798  1.037e+02   0.0000
   1200  8.813e-01  0.8813  1.037e+02   0.0000
   1220  8.824e-01  0.8824  1.038e+02   0.0000
   1240  8.832e-01  0.8832  1.038e+02   0.0000
   1260  8.841e-01  0.8841  1.039e+02   0.0000
   1280  8.849e-01  0.8849  1.039e+02   0.0000
   1300  8.857e-01  0.8857  1.039e+02   0.0000
   1320  8.864e-01  0.8864  1.040e+02   0.0000
   1340  8.871e-01  0.8871  1.040e+02   0.0000
   1360  8.877e-01  0.8877  1.041e+02   0.0000
   1380  8.884e-01  0.8884  1.041e+02   0.0000
   1400  8.890e-01  0.8890  1.041e+02   0.0000
   1420  8.896e-01  0.8896  1.042e+02   0.0000
   1440  8.902e-01  0.8902  1.042e+02   0.0000
   1460  8.909e-01  0.8909  1.043e+02   0.0000
   1480  8.916e-01  0.8916  1.043e+02   0.0000
   1500  8.923e-01  0.8923  1.044e+02   0.0000
   1520  8.929e-01  0.8929  1.044e+02   0.0000
   1540  8.935e-01  0.8935  1.044e+02   0.0000
   1560  8.941e-01  0.8941  1.045e+02   0.0000
   1580  8.947e-01  0.8947  1.045e+02   0.0000
   1600  8.953e-01  0.8953  1.046e+02   0.0000
   1620  8.957e-01  0.8957  1.046e+02   0.0000
   1640  8.962e-01  0.8962  1.047e+02   0.0000
   1660  8.966e-01  0.8966  1.047e+02   0.0000
   1680  8.971e-01  0.8971  1.048e+02   0.0000
   1700  8.976e-01  0.8976  1.048e+02   0.0000
   1720  8.980e-01  0.8980  1.048e+02   0.0000
   1740  8.985e-01  0.8985  1.049e+02   0.0000
   1760  8.989e-01  0.8989  1.049e+02   0.0000
   1780  8.994e-01  0.8994  1.050e+02   0.0000
   1800  8.998e-01  0.8998  1.050e+02   0.0000
   1820  9.003e-01  0.9003  1.050e+02   0.0000
   1840  9.007e-01  0.9007  1.051e+02   0.0000
   1860  9.012e-01  0.9012  1.051e+02   0.0000
   1880  9.016e-01  0.9016  1.052e+02   0.0000
   1900  9.021e-01  0.9021  1.052e+02   0.0000
   1920  9.025e-01  0.9025  1.053e+02   0.0000
   1940  9.029e-01  0.9029  1.053e+02   0.0000
   1960  9.033e-01  0.9033  1.053e+02   0.0000
   1980  9.039e-01  0.9039  1.054e+02   0.0000
   2000  9.043e-01  0.9043  1.054e+02   0.0000
   2020  9.049e-01  0.9049  1.055e+02   0.0000
   2040  9.053e-01  0.9053  1.055e+02   0.0000
   2060  9.058e-01  0.9058  1.055e+02   0.0000
   2080  9.063e-01  0.9063  1.056e+02   0.0000
   2100  9.067e-01  0.9067  1.056e+02   0.0000
   2120  9.071e-01  0.9071  1.057e+02   0.0000
   2140  9.076e-01  0.9076  1.057e+02   0.0000
   2160  9.081e-01  0.9081  1.057e+02   0.0000
   2180  9.085e-01  0.9085  1.058e+02   0.0000
   2200  9.089e-01  0.9089  1.058e+02   0.0000
   2220  9.093e-01  0.9093  1.059e+02   0.0000
   2240  9.097e-01  0.9097  1.059e+02   0.0000
   2260  9.101e-01  0.9101  1.059e+02   0.0000
   2280  9.105e-01  0.9105  1.060e+02   0.0000
   2300  9.109e-01  0.9109  1.060e+02   0.0000
   2320  9.112e-01  0.9112  1.060e+02   0.0000
   2340  9.115e-01  0.9115  1.061e+02   0.0000
   2360  9.118e-01  0.9118  1.061e+02   0.0000
   2380  9.121e-01  0.9121  1.062e+02   0.0000
   2400  9.124e-01  0.9124  1.062e+02   0.0000
   2420  9.126e-01  0.9126  1.062e+02   0.0000
   2440  9.129e-01  0.9129  1.063e+02   0.0000
   2460  9.131e-01  0.9131  1.063e+02   0.0000
   2480  9.133e-01  0.9133  1.063e+02   0.0000
   2500  9.136e-01  0.9136  1.064e+02   0.0000
   2520  9.138e-01  0.9138  1.064e+02   0.0000
   2540  9.140e-01  0.9140  1.064e+02   0.0000
   2560  9.142e-01  0.9142  1.065e+02   0.0000
   2580  9.144e-01  0.9144  1.065e+02   0.0000
   2600  9.146e-01  0.9146  1.065e+02   0.0000
   2620  9.148e-01  0.9148  1.066e+02   0.0000
   2640  9.150e-01  0.9150  1.066e+02   0.0000
   2660  9.152e-01  0.9152  1.066e+02   0.0000
   2680  9.154e-01  0.9154  1.067e+02   0.0000
   2700  9.156e-01  0.9156  1.067e+02   0.0000
   2720  9.158e-01  0.9158  1.067e+02   0.0000
   2740  9.160e-01  0.9160  1.068e+02   0.0000
   2760  9.162e-01  0.9162  1.068e+02   0.0000
   2780  9.164e-01  0.9164  1.068e+02   0.0000
   2800  9.166e-01  0.9166  1.069e+02   0.0000
   2820  9.168e-01  0.9168  1.069e+02   0.0000
   2840  9.170e-01  0.9170  1.069e+02   0.0000
   2860  9.171e-01  0.9171  1.070e+02   0.0000
   2880  9.173e-01  0.9173  1.070e+02   0.0000
   2900  9.175e-01  0.9175  1.070e+02   0.0000
   2920  9.177e-01  0.9177  1.071e+02   0.0000
   2940  9.179e-01  0.9179  1.071e+02   0.0000
   2960  9.181e-01  0.9181  1.071e+02   0.0000
   2980  9.183e-01  0.9183  1.072e+02   0.0000
   3000  9.185e-01  0.9185  1.072e+02   0.0000
   3020  9.973e-01  0.9973  1.072e+02   0.0000
   3040  1.061e+00  1.0611  1.072e+02   0.0000
   3060  1.051e+00  1.0505  1.073e+02   0.0000
   3080  1.071e+00  1.0714  1.073e+02   0.0000
   3100  1.074e+00  1.0742  1.073e+02   0.0000
   3120  1.076e+00  1.0756  1.073e+02   0.0000
   3140  1.075e+00  1.0753  1.073e+02   0.0000
   3160  1.075e+00  1.0748  1.074e+02   0.0000
   3180  1.075e+00  1.0751  1.074e+02   0.0000
   3200  1.075e+00  1.0753  1.074e+02   0.0000
   3220  1.076e+00  1.0756  1.074e+02   0.0000
   3240  1.076e+00  1.0762  1.074e+02   0.0000
   3260  1.077e+00  1.0767  1.075e+02   0.0000
   3280  1.077e+00  1.0769  1.075e+02   0.0000
   3300  1.077e+00  1.0772  1.075e+02   0.0000
   3320  1.077e+00  1.0774  1.075e+02   0.0000
   3340  1.078e+00  1.0777  1.076e+02   0.0000
   3360  1.078e+00  1.0779  1.076e+02   0.0000
   3380  1.078e+00  1.0780  1.076e+02   0.0000
   3400  1.078e+00  1.0781  1.076e+02   0.0000
   3420  1.078e+00  1.0783  1.076e+02   0.0000
   3440  1.078e+00  1.0785  1.077e+02   0.0000
   3460  1.079e+00  1.0786  1.077e+02   0.0000
   3480  1.079e+00  1.0788  1.077e+02   0.0000
   3500  1.079e+00  1.0790  1.077e+02   0.0000
   3520  1.079e+00  1.0792  1.077e+02   0.0000
   3540  1.079e+00  1.0794  1.078e+02   0.0000
   3560  1.080e+00  1.0795  1.078e+02   0.0000
   3580  1.080e+00  1.0797  1.078e+02   0.0000
   3600  1.080e+00  1.0798  1.078e+02   0.0000
   3620  1.080e+00  1.0799  1.078e+02   0.0000
   3640  1.080e+00  1.0801  1.079e+02   0.0000
   3660  1.080e+00  1.0802  1.079e+02   0.0000
   3680  1.080e+00  1.0804  1.079e+02   0.0000
   3700  1.081e+00  1.0806  1.079e+02   0.0000
   3720  1.081e+00  1.0807  1.079e+02   0.0000
   3740  1.081e+00  1.0809  1.080e+02   0.0000
   3760  1.081e+00  1.0810  1.080e+02   0.0000
   3780  1.081e+00  1.0811  1.080e+02   0.0000
   3800  1.081e+00  1.0812  1.080e+02   0.0000
   3820  1.081e+00  1.0814  1.080e+02   0.0000
   3840  1.082e+00  1.0816  1.081e+02   0.0000
   3860  1.082e+00  1.0817  1.081e+02   0.0000
   3880  1.082e+00  1.0820  1.081e+02   0.0000
   3900  1.082e+00  1.0822  1.081e+02   0.0000
   3920  1.082e+00  1.0823  1.081e+02   0.0000
   3940  1.082e+00  1.0825  1.082e+02   0.0000
   3960  1.083e+00  1.0826  1.082e+02   0.0000
   3980  1.083e+00  1.0827  1.082e+02   0.0000
   4000  1.083e+00  1.0828  1.082e+02   0.0000
   4020  1.083e+00  1.0830  1.082e+02   0.0000
   4040  1.083e+00  1.0832  1.083e+02   0.0000
   4060  1.083e+00  1.0833  1.083e+02   0.0000
   4080  1.083e+00  1.0834  1.083e+02   0.0000
   4100  1.084e+00  1.0835  1.083e+02   0.0000
   4120  1.084e+00  1.0836  1.083e+02   0.0000
   4140  1.084e+00  1.0837  1.084e+02   0.0000
   4160  1.084e+00  1.0838  1.084e+02   0.0000
   4180  1.084e+00  1.0839  1.084e+02   0.0000
   4200  1.084e+00  1.0840  1.084e+02   0.0000
   4220  1.084e+00  1.0841  1.084e+02   0.0000
   4240  1.084e+00  1.0842  1.085e+02   0.0000
   4260  1.084e+00  1.0843  1.085e+02   0.0000
   4280  1.084e+00  1.0844  1.085e+02   0.0000
   4300  1.085e+00  1.0845  1.085e+02   0.0000
   4320  1.085e+00  1.0846  1.085e+02   0.0000
   4340  1.085e+00  1.0847  1.086e+02   0.0000
   4360  1.085e+00  1.0848  1.086e+02   0.0000
   4380  1.085e+00  1.0849  1.086e+02   0.0000
   4400  1.085e+00  1.0850  1.086e+02   0.0000
   4420  1.085e+00  1.0851  1.086e+02   0.0000
   4440  1.085e+00  1.0852  1.087e+02   0.0000
   4460  1.085e+00  1.0852  1.087e+02   0.0000
   4480  1.085e+00  1.0853  1.087e+02   0.0000
   4500  1.085e+00  1.0854  1.087e+02   0.0000
   4520  1.086e+00  1.0855  1.087e+02   0.0000
   4540  1.086e+00  1.0856  1.088e+02   0.0000
   4560  1.086e+00  1.0857  1.088e+02   0.0000
   4580  1.086e+00  1.0858  1.088e+02   0.0000
   4600  1.086e+00  1.0859  1.088e+02   0.0000
   4620  1.086e+00  1.0860  1.089e+02   0.0000
   4640  1.086e+00  1.0861  1.089e+02   0.0000
   4660  1.086e+00  1.0862  1.089e+02   0.0000
   4680  1.086e+00  1.0863  1.089e+02   0.0000
   4700  1.086e+00  1.0864  1.089e+02   0.0000
   4720  1.086e+00  1.0865  1.090e+02   0.0000
   4740  1.087e+00  1.0865  1.090e+02   0.0000
   4760  1.087e+00  1.0866  1.090e+02   0.0000
   4780  1.087e+00  1.0867  1.090e+02   0.0000
   4800  1.087e+00  1.0867  1.090e+02   0.0000
   4820  1.087e+00  1.0868  1.091e+02   0.0000
   4840  1.087e+00  1.0869  1.091e+02   0.0000
   4860  1.087e+00  1.0870  1.091e+02   0.0000
   4880  1.087e+00  1.0870  1.091e+02   0.0000
   4900  1.087e+00  1.0871  1.091e+02   0.0000
   4920  1.087e+00  1.0872  1.092e+02   0.0000
   4940  1.087e+00  1.0873  1.092e+02   0.0000
   4960  1.087e+00  1.0874  1.092e+02   0.0000
   4980  1.087e+00  1.0874  1.092e+02   0.0000
   5000  1.087e+00  1.0875  1.092e+02   0.0000
   5020  1.186e+00  1.1864  1.093e+02   0.0000
   5040  1.199e+00  1.1988  1.093e+02   0.0000
   5060  1.198e+00  1.1978  1.093e+02   0.0000
   5080  1.202e+00  1.2019  1.093e+02   0.0000
   5100  1.204e+00  1.2043  1.093e+02   0.0000
   5120  1.205e+00  1.2047  1.093e+02   0.0000
   5140  1.205e+00  1.2047  1.093e+02   0.0000
   5160  1.204e+00  1.2045  1.094e+02   0.0000
   5180  1.204e+00  1.2044  1.094e+02   0.0000
   5200  1.204e+00  1.2043  1.094e+02   0.0000
   5220  1.204e+00  1.2044  1.094e+02   0.0000
   5240  1.204e+00  1.2044  1.094e+02   0.0000
   5260  1.204e+00  1.2045  1.094e+02   0.0000
   5280  1.205e+00  1.2045  1.095e+02   0.0000
   5300  1.205e+00  1.2046  1.095e+02   0.0000
   5320  1.205e+00  1.2046  1.095e+02   0.0000
   5340  1.205e+00  1.2047  1.095e+02   0.0000
   5360  1.205e+00  1.2048  1.095e+02   0.0000
   5380  1.205e+00  1.2049  1.095e+02   0.0000
   5400  1.205e+00  1.2050  1.095e+02   0.0000
   5420  1.205e+00  1.2051  1.096e+02   0.0000
   5440  1.205e+00  1.2052  1.096e+02   0.0000
   5460  1.205e+00  1.2053  1.096e+02   0.0000
   5480  1.205e+00  1.2054  1.096e+02   0.0000
   5500  1.205e+00  1.2055  1.096e+02   0.0000
   5520  1.206e+00  1.2056  1.096e+02   0.0000
   5540  1.206e+00  1.2057  1.096e+02   0.0000
   5560  1.206e+00  1.2058  1.097e+02   0.0000
   5580  1.206e+00  1.2059  1.097e+02   0.0000
   5600  1.206e+00  1.2060  1.097e+02   0.0000
   5620  1.206e+00  1.2061  1.097e+02   0.0000
   5640  1.206e+00  1.2063  1.097e+02   0.0000
   5660  1.206e+00  1.2064  1.097e+02   0.0000
   5680  1.206e+00  1.2065  1.097e+02   0.0000
   5700  1.207e+00  1.2066  1.098e+02   0.0000
   5720  1.207e+00  1.2067  1.098e+02   0.0000
   5740  1.207e+00  1.2067  1.098e+02   0.0000
   5760  1.207e+00  1.2068  1.098e+02   0.0000
   5780  1.207e+00  1.2069  1.098e+02   0.0000
   5800  1.207e+00  1.2070  1.098e+02   0.0000
   5820  1.207e+00  1.2071  1.098e+02   0.0000
   5840  1.207e+00  1.2071  1.099e+02   0.0000
   5860  1.207e+00  1.2072  1.099e+02   0.0000
   5880  1.207e+00  1.2073  1.099e+02   0.0000
   5900  1.207e+00  1.2074  1.099e+02   0.0000
   5920  1.207e+00  1.2074  1.099e+02   0.0000
   5940  1.207e+00  1.2075  1.099e+02   0.0000
   5960  1.208e+00  1.2076  1.099e+02   0.0000
   5980  1.208e+00  1.2076  1.100e+02   0.0000
   6000  1.208e+00  1.2077  1.100e+02   0.0000
   6020  1.208e+00  1.2078  1.100e+02   0.0000
   6040  1.208e+00  1.2079  1.100e+02   0.0000
   6060  1.208e+00  1.2079  1.100e+02   0.0000
   6080  1.208e+00  1.2080  1.100e+02   0.0000
   6100  1.208e+00  1.2080  1.100e+02   0.0000
   6120  1.208e+00  1.2081  1.100e+02   0.0000
   6140  1.208e+00  1.2081  1.101e+02   0.0000
   6160  1.208e+00  1.2082  1.101e+02   0.0000
   6180  1.208e+00  1.2083  1.101e+02   0.0000
   6200  1.208e+00  1.2084  1.101e+02   0.0000
   6220  1.208e+00  1.2084  1.101e+02   0.0000
   6240  1.209e+00  1.2085  1.101e+02   0.0000
   6260  1.209e+00  1.2086  1.101e+02   0.0000
   6280  1.209e+00  1.2087  1.102e+02   0.0000
   6300  1.209e+00  1.2088  1.102e+02   0.0000
   6320  1.209e+00  1.2088  1.102e+02   0.0000
   6340  1.209e+00  1.2089  1.102e+02   0.0000
   6360  1.209e+00  1.2089  1.102e+02   0.0000
   6380  1.209e+00  1.2090  1.102e+02   0.0000
   6400  1.209e+00  1.2091  1.102e+02   0.0000
   6420  1.209e+00  1.2091  1.103e+02   0.0000
   6440  1.209e+00  1.2092  1.103e+02   0.0000
   6460  1.209e+00  1.2092  1.103e+02   0.0000
   6480  1.209e+00  1.2093  1.103e+02   0.0000
   6500  1.209e+00  1.2093  1.103e+02   0.0000
   6520  1.209e+00  1.2094  1.103e+02   0.0000
   6540  1.209e+00  1.2094  1.103e+02   0.0000
   6560  1.209e+00  1.2095  1.104e+02   0.0000
   6580  1.210e+00  1.2095  1.104e+02   0.0000
   6600  1.210e+00  1.2096  1.104e+02   0.0000
   6620  1.210e+00  1.2097  1.104e+02   0.0000
   6640  1.210e+00  1.2098  1.104e+02   0.0000
   6660  1.210e+00  1.2099  1.104e+02   0.0000
   6680  1.210e+00  1.2099  1.105e+02   0.0000
   6700  1.210e+00  1.2100  1.105e+02   0.0000
   6720  1.210e+00  1.2101  1.105e+02   0.0000
   6740  1.210e+00  1.2102  1.105e+02   0.0000
   6760  1.210e+00  1.2103  1.105e+02   0.0000
   6780  1.210e+00  1.2104  1.105e+02   0.0000
   6800  1.210e+00  1.2105  1.106e+02   0.0000
   6820  1.211e+00  1.2105  1.106e+02   0.0000
   6840  1.211e+00  1.2106  1.106e+02   0.0000
   6860  1.211e+00  1.2106  1.106e+02   0.0000
   6880  1.211e+00  1.2107  1.106e+02   0.0000
   6900  1.211e+00  1.2107  1.106e+02   0.0000
   6920  1.211e+00  1.2108  1.107e+02   0.0000
   6940  1.211e+00  1.2109  1.107e+02   0.0000
   6960  1.211e+00  1.2109  1.107e+02   0.0000
   6980  1.211e+00  1.2110  1.107e+02   0.0000
   7000  1.211e+00  1.2111  1.107e+02   0.0000
   7020  1.211e+00  1.2111  1.108e+02   0.0000
   7040  1.211e+00  1.2112  1.108e+02   0.0000
   7060  1.211e+00  1.2113  1.108e+02   0.0000
   7080  1.211e+00  1.2114  1.108e+02   0.0000
   7100  1.211e+00  1.2114  1.108e+02   0.0000
   7120  1.212e+00  1.2115  1.109e+02   0.0000
   7140  1.212e+00  1.2116  1.109e+02   0.0000
   7160  1.212e+00  1.2117  1.109e+02   0.0000
   7180  1.212e+00  1.2118  1.109e+02   0.0000
   7200  1.212e+00  1.2119  1.109e+02   0.0000
   7220  1.212e+00  1.2119  1.110e+02   0.0000
   7240  1.212e+00  1.2120  1.110e+02   0.0000
   7260  1.212e+00  1.2121  1.110e+02   0.0000
   7280  1.212e+00  1.2122  1.110e+02   0.0000
   7300  1.212e+00  1.2123  1.110e+02   0.0000
   7320  1.212e+00  1.2124  1.110e+02   0.0000
   7340  1.212e+00  1.2125  1.111e+02   0.0000
   7360  1.213e+00  1.2125  1.111e+02   0.0000
   7380  1.213e+00  1.2126  1.111e+02   0.0000
   7400  1.213e+00  1.2127  1.111e+02   0.0000
   7420  1.213e+00  1.2128  1.111e+02   0.0000
   7440  1.213e+00  1.2128  1.112e+02   0.0000
   7460  1.213e+00  1.2129  1.112e+02   0.0000
   7480  1.213e+00  1.2130  1.112e+02   0.0000
   7500  1.213e+00  1.2131  1.112e+02   0.0000
   7520  1.213e+00  1.2132  1.112e+02   0.0000
   7540  1.213e+00  1.2132  1.113e+02   0.0000
   7560  1.213e+00  1.2133  1.113e+02   0.0000
   7580  1.213e+00  1.2134  1.113e+02   0.0000
   7600  1.213e+00  1.2135  1.113e+02   0.0000
   7620  1.214e+00  1.2136  1.113e+02   0.0000
   7640  1.214e+00  1.2137  1.113e+02   0.0000
   7660  1.214e+00  1.2137  1.114e+02   0.0000
   7680  1.214e+00  1.2138  1.114e+02   0.0000
   7700  1.214e+00  1.2139  1.114e+02   0.0000
   7720  1.214e+00  1.2140  1.114e+02   0.0000
   7740  1.214e+00  1.2141  1.114e+02   0.0000
   7760  1.214e+00  1.2141  1.115e+02   0.0000
   7780  1.214e+00  1.2142  1.115e+02   0.0000
   7800  1.214e+00  1.2143  1.115e+02   0.0000
   7820  1.214e+00  1.2143  1.115e+02   0.0000
   7840  1.214e+00  1.2144  1.115e+02   0.0000
   7860  1.214e+00  1.2145  1.115e+02   0.0000
   7880  1.215e+00  1.2146  1.116e+02   0.0000
   7900  1.215e+00  1.2146  1.116e+02   0.0000
   7920  1.215e+00  1.2147  1.116e+02   0.0000
   7940  1.215e+00  1.2148  1.116e+02   0.0000
   7960  1.215e+00  1.2148  1.116e+02   0.0000
   7980  1.215e+00  1.2149  1.117e+02   0.0000
   8000  1.215e+00  1.2150  1.117e+02   0.0000
   8020  1.215e+00  1.2150  1.117e+02   0.0000
   8040  1.215e+00  1.2151  1.117e+02   0.0000
   8060  1.215e+00  1.2152  1.117e+02   0.0000
   8080  1.215e+00  1.2152  1.117e+02   0.0000
   8100  1.215e+00  1.2153  1.118e+02   0.0000
   8120  1.215e+00  1.2153  1.118e+02   0.0000
   8140  1.215e+00  1.2154  1.118e+02   0.0000
   8160  1.215e+00  1.2155  1.118e+02   0.0000
   8180  1.216e+00  1.2155  1.118e+02   0.0000
   8200  1.216e+00  1.2156  1.119e+02   0.0000
   8220  1.216e+00  1.2157  1.119e+02   0.0000
   8240  1.216e+00  1.2157  1.119e+02   0.0000
   8260  1.216e+00  1.2158  1.119e+02   0.0000
   8280  1.216e+00  1.2158  1.119e+02   0.0000
   8300  1.216e+00  1.2159  1.119e+02   0.0000
   8320  1.216e+00  1.2160  1.120e+02   0.0000
   8340  1.216e+00  1.2160  1.120e+02   0.0000
   8360  1.216e+00  1.2161  1.120e+02   0.0000
   8380  1.216e+00  1.2161  1.120e+02   0.0000
   8400  1.216e+00  1.2162  1.120e+02   0.0000
   8420  1.216e+00  1.2162  1.121e+02   0.0000
   8440  1.216e+00  1.2163  1.121e+02   0.0000
   8460  1.216e+00  1.2164  1.121e+02   0.0000
   8480  1.216e+00  1.2164  1.121e+02   0.0000
   8500  1.216e+00  1.2165  1.121e+02   0.0000
   8520  1.217e+00  1.2165  1.121e+02   0.0000
   8540  1.217e+00  1.2166  1.122e+02   0.0000
   8560  1.217e+00  1.2166  1.122e+02   0.0000
   8580  1.217e+00  1.2167  1.122e+02   0.0000
   8600  1.217e+00  1.2167  1.122e+02   0.0000
   8620  1.217e+00  1.2167  1.122e+02   0.0000
   8640  1.217e+00  1.2168  1.123e+02   0.0000
   8660  1.217e+00  1.2168  1.123e+02   0.0000
   8680  1.217e+00  1.2169  1.123e+02   0.0000
   8700  1.217e+00  1.2169  1.123e+02   0.0000
   8720  1.217e+00  1.2170  1.123e+02   0.0000
   8740  1.217e+00  1.2171  1.123e+02   0.0000
   8760  1.217e+00  1.2171  1.124e+02   0.0000
   8780  1.217e+00  1.2172  1.124e+02   0.0000
   8800  1.217e+00  1.2172  1.124e+02   0.0000
   8820  1.217e+00  1.2173  1.124e+02   0.0000
   8840  1.217e+00  1.2173  1.124e+02   0.0000
   8860  1.217e+00  1.2174  1.125e+02   0.0000
   8880  1.217e+00  1.2174  1.125e+02   0.0000
   8900  1.218e+00  1.2175  1.125e+02   0.0000
   8920  1.218e+00  1.2175  1.125e+02   0.0000
   8940  1.218e+00  1.2176  1.125e+02   0.0000
   8960  1.218e+00  1.2177  1.126e+02   0.0000
   8980  1.218e+00  1.2177  1.126e+02   0.0000
   9000  1.218e+00  1.2178  1.126e+02   0.0000
   9020  1.298e+00  1.2984  1.126e+02   0.0000
   9040  1.296e+00  1.2960  1.126e+02   0.0000
   9060  1.294e+00  1.2944  1.126e+02   0.0000
   9080  1.296e+00  1.2955  1.126e+02   0.0000
   9100  1.296e+00  1.2964  1.126e+02   0.0000
   9120  1.297e+00  1.2967  1.127e+02   0.0000
   9140  1.297e+00  1.2967  1.127e+02   0.0000
   9160  1.297e+00  1.2968  1.127e+02   0.0000
   9180  1.297e+00  1.2968  1.127e+02   0.0000
   9200  1.297e+00  1.2968  1.127e+02   0.0000
   9220  1.297e+00  1.2969  1.127e+02   0.0000
   9240  1.297e+00  1.2971  1.127e+02   0.0000
   9260  1.297e+00  1.2973  1.127e+02   0.0000
   9280  1.297e+00  1.2974  1.128e+02   0.0000
   9300  1.297e+00  1.2975  1.128e+02   0.0000
   9320  1.297e+00  1.2975  1.128e+02   0.0000
   9340  1.297e+00  1.2975  1.128e+02   0.0000
   9360  1.297e+00  1.2975  1.128e+02   0.0000
   9380  1.298e+00  1.2976  1.128e+02   0.0000
   9400  1.298e+00  1.2977  1.128e+02   0.0000
   9420  1.298e+00  1.2979  1.128e+02   0.0000
   9440  1.298e+00  1.2981  1.129e+02   0.0000
   9460  1.298e+00  1.2984  1.129e+02   0.0000
   9480  1.299e+00  1.2986  1.129e+02   0.0000
   9500  1.299e+00  1.2989  1.129e+02   0.0000
   9520  1.299e+00  1.2991  1.129e+02   0.0000
   9540  1.299e+00  1.2993  1.129e+02   0.0000
   9560  1.300e+00  1.2995  1.129e+02   0.0000
   9580  1.300e+00  1.2997  1.130e+02   0.0000
   9600  1.300e+00  1.2998  1.130e+02   0.0000
   9620  1.300e+00  1.2999  1.130e+02   0.0000
   9640  1.300e+00  1.3000  1.130e+02   0.0000
   9660  1.300e+00  1.3002  1.130e+02   0.0000
   9680  1.300e+00  1.3003  1.130e+02   0.0000
   9700  1.300e+00  1.3004  1.130e+02   0.0000
   9720  1.301e+00  1.3005  1.130e+02   0.0000
   9740  1.301e+00  1.3007  1.131e+02   0.0000
   9760  1.301e+00  1.3008  1.131e+02   0.0000
   9780  1.301e+00  1.3009  1.131e+02   0.0000
   9800  1.301e+00  1.3010  1.131e+02   0.0000
   9820  1.301e+00  1.3011  1.131e+02   0.0000
   9840  1.301e+00  1.3012  1.131e+02   0.0000
   9860  1.301e+00  1.3012  1.131e+02   0.0000
   9880  1.301e+00  1.3013  1.131e+02   0.0000
   9900  1.301e+00  1.3014  1.132e+02   0.0000
   9920  1.301e+00  1.3015  1.132e+02   0.0000
   9940  1.302e+00  1.3015  1.132e+02   0.0000
   9960  1.302e+00  1.3016  1.132e+02   0.0000
   9980  1.302e+00  1.3017  1.132e+02   0.0000
  10000  1.302e+00  1.3018  1.132e+02   0.0000
  10020  1.302e+00  1.3019  1.132e+02   0.0000
  10040  1.302e+00  1.3020  1.133e+02   0.0000
  10060  1.302e+00  1.3021  1.133e+02   0.0000
  10080  1.302e+00  1.3022  1.133e+02   0.0000
  10100  1.302e+00  1.3022  1.133e+02   0.0000
  10120  1.302e+00  1.3023  1.133e+02   0.0000
  10140  1.302e+00  1.3024  1.133e+02   0.0000
  10160  1.302e+00  1.3025  1.133e+02   0.0000
  10180  1.303e+00  1.3026  1.133e+02   0.0000
  10200  1.303e+00  1.3027  1.134e+02   0.0000
  10220  1.303e+00  1.3028  1.134e+02   0.0000
  10240  1.303e+00  1.3029  1.134e+02   0.0000
  10260  1.303e+00  1.3030  1.134e+02   0.0000
  10280  1.303e+00  1.3031  1.134e+02   0.0000
  10300  1.303e+00  1.3032  1.134e+02   0.0000
  10320  1.303e+00  1.3033  1.134e+02   0.0000
  10340  1.303e+00  1.3033  1.135e+02   0.0000
  10360  1.303e+00  1.3034  1.135e+02   0.0000
  10380  1.303e+00  1.3034  1.135e+02   0.0000
  10400  1.303e+00  1.3035  1.135e+02   0.0000
  10420  1.304e+00  1.3035  1.135e+02   0.0000
  10440  1.304e+00  1.3036  1.135e+02   0.0000
  10460  1.304e+00  1.3036  1.135e+02   0.0000
  10480  1.304e+00  1.3037  1.135e+02   0.0000
  10500  1.304e+00  1.3037  1.136e+02   0.0000
  10520  1.304e+00  1.3038  1.136e+02   0.0000
  10540  1.304e+00  1.3038  1.136e+02   0.0000
  10560  1.304e+00  1.3039  1.136e+02   0.0000
  10580  1.304e+00  1.3039  1.136e+02   0.0000
  10600  1.304e+00  1.3040  1.136e+02   0.0000
  10620  1.304e+00  1.3040  1.136e+02   0.0000
  10640  1.304e+00  1.3041  1.136e+02   0.0000
  10660  1.304e+00  1.3041  1.137e+02   0.0000
  10680  1.304e+00  1.3042  1.137e+02   0.0000
  10700  1.304e+00  1.3042  1.137e+02   0.0000
  10720  1.304e+00  1.3043  1.137e+02   0.0000
  10740  1.304e+00  1.3043  1.137e+02   0.0000
  10760  1.304e+00  1.3044  1.137e+02   0.0000
  10780  1.304e+00  1.3044  1.137e+02   0.0000
  10800  1.304e+00  1.3045  1.138e+02   0.0000
  10820  1.305e+00  1.3045  1.138e+02   0.0000
  10840  1.305e+00  1.3046  1.138e+02   0.0000
  10860  1.305e+00  1.3046  1.138e+02   0.0000
  10880  1.305e+00  1.3047  1.138e+02   0.0000
  10900  1.305e+00  1.3047  1.138e+02   0.0000
  10920  1.305e+00  1.3048  1.138e+02   0.0000
  10940  1.305e+00  1.3048  1.138e+02   0.0000
  10960  1.305e+00  1.3048  1.139e+02   0.0000
  10980  1.305e+00  1.3049  1.139e+02   0.0000
  11000  1.305e+00  1.3049  1.139e+02   0.0000
  11020  1.305e+00  1.3050  1.139e+02   0.0000
  11040  1.305e+00  1.3050  1.139e+02   0.0000
  11060  1.305e+00  1.3051  1.139e+02   0.0000
  11080  1.305e+00  1.3052  1.139e+02   0.0000
  11100  1.305e+00  1.3052  1.140e+02   0.0000
  11120  1.305e+00  1.3052  1.140e+02   0.0000
  11140  1.305e+00  1.3053  1.140e+02   0.0000
  11160  1.305e+00  1.3053  1.140e+02   0.0000
  11180  1.305e+00  1.3054  1.140e+02   0.0000
  11200  1.305e+00  1.3054  1.140e+02   0.0000
  11220  1.305e+00  1.3054  1.140e+02   0.0000
  11240  1.305e+00  1.3055  1.141e+02   0.0000
  11260  1.306e+00  1.3055  1.141e+02   0.0000
  11280  1.306e+00  1.3055  1.141e+02   0.0000
  11300  1.306e+00  1.3056  1.141e+02   0.0000
  11320  1.306e+00  1.3056  1.141e+02   0.0000
  11340  1.306e+00  1.3056  1.141e+02   0.0000
  11360  1.306e+00  1.3057  1.141e+02   0.0000
  11380  1.306e+00  1.3057  1.141e+02   0.0000
  11400  1.306e+00  1.3057  1.142e+02   0.0000
  11420  1.306e+00  1.3058  1.142e+02   0.0000
  11440  1.306e+00  1.3058  1.142e+02   0.0000
  11460  1.306e+00  1.3058  1.142e+02   0.0000
  11480  1.306e+00  1.3059  1.142e+02   0.0000
  11500  1.306e+00  1.3059  1.142e+02   0.0000
  11520  1.306e+00  1.3060  1.142e+02   0.0000
  11540  1.306e+00  1.3060  1.143e+02   0.0000
  11560  1.306e+00  1.3060  1.143e+02   0.0000
  11580  1.306e+00  1.3061  1.143e+02   0.0000
  11600  1.306e+00  1.3061  1.143e+02   0.0000
  11620  1.306e+00  1.3061  1.143e+02   0.0000
  11640  1.306e+00  1.3062  1.143e+02   0.0000
  11660  1.306e+00  1.3062  1.143e+02   0.0000
  11680  1.306e+00  1.3062  1.143e+02   0.0000
  11700  1.306e+00  1.3062  1.144e+02   0.0000
  11720  1.306e+00  1.3063  1.144e+02   0.0000
  11740  1.306e+00  1.3063  1.144e+02   0.0000
  11760  1.306e+00  1.3063  1.144e+02   0.0000
  11780  1.306e+00  1.3064  1.144e+02   0.0000
  11800  1.306e+00  1.3064  1.144e+02   0.0000
  11820  1.306e+00  1.3064  1.144e+02   0.0000
  11840  1.306e+00  1.3065  1.144e+02   0.0000
  11860  1.306e+00  1.3065  1.145e+02   0.0000
  11880  1.307e+00  1.3065  1.145e+02   0.0000
  11900  1.307e+00  1.3066  1.145e+02   0.0000
  11920  1.307e+00  1.3066  1.145e+02   0.0000
  11940  1.307e+00  1.3066  1.145e+02   0.0000
  11960  1.307e+00  1.3066  1.145e+02   0.0000
  11980  1.307e+00  1.3067  1.145e+02   0.0000
  12000  1.307e+00  1.3067  1.146e+02   0.0000
  12020  1.307e+00  1.3067  1.146e+02   0.0000
  12040  1.307e+00  1.3068  1.146e+02   0.0000
  12060  1.307e+00  1.3068  1.146e+02   0.0000
  12080  1.307e+00  1.3068  1.146e+02   0.0000
  12100  1.307e+00  1.3068  1.146e+02   0.0000
  12120  1.307e+00  1.3069  1.146e+02   0.0000
  12140  1.307e+00  1.3069  1.146e+02   0.0000
  12160  1.307e+00  1.3069  1.147e+02   0.0000
  12180  1.307e+00  1.3069  1.147e+02   0.0000
  12200  1.307e+00  1.3069  1.147e+02   0.0000
  12220  1.307e+00  1.3070  1.147e+02   0.0000
  12240  1.307e+00  1.3070  1.147e+02   0.0000
  12260  1.307e+00  1.3070  1.147e+02   0.0000
  12280  1.307e+00  1.3070  1.147e+02   0.0000
  12300  1.307e+00  1.3070  1.147e+02   0.0000
  12320  1.307e+00  1.3071  1.148e+02   0.0000
  12340  1.307e+00  1.3071  1.148e+02   0.0000
  12360  1.307e+00  1.3071  1.148e+02   0.0000
  12380  1.307e+00  1.3071  1.148e+02   0.0000
  12400  1.307e+00  1.3071  1.148e+02   0.0000
  12420  1.307e+00  1.3071  1.148e+02   0.0000
  12440  1.307e+00  1.3071  1.148e+02   0.0000
  12460  1.307e+00  1.3072  1.149e+02   0.0000
  12480  1.307e+00  1.3072  1.149e+02   0.0000
  12500  1.307e+00  1.3072  1.149e+02   0.0000
  12520  1.307e+00  1.3072  1.149e+02   0.0000
  12540  1.307e+00  1.3072  1.149e+02   0.0000
  12560  1.307e+00  1.3072  1.149e+02   0.0000
  12580  1.307e+00  1.3072  1.149e+02   0.0000
  12600  1.307e+00  1.3072  1.149e+02   0.0000
  12620  1.307e+00  1.3072  1.150e+02   0.0000
  12640  1.307e+00  1.3072  1.150e+02   0.0000
  12660  1.307e+00  1.3072  1.150e+02   0.0000
  12680  1.307e+00  1.3072  1.150e+02   0.0000
  12700  1.307e+00  1.3072  1.150e+02   0.0000
  12720  1.307e+00  1.3072  1.150e+02   0.0000
  12740  1.307e+00  1.3072  1.150e+02   0.0000
  12760  1.307e+00  1.3072  1.151e+02   0.0000
  12780  1.307e+00  1.3072  1.151e+02   0.0000
  12800  1.307e+00  1.3073  1.151e+02   0.0000
  12820  1.307e+00  1.3073  1.151e+02   0.0000
  12840  1.307e+00  1.3073  1.151e+02   0.0000
  12860  1.307e+00  1.3073  1.151e+02   0.0000
  12880  1.307e+00  1.3073  1.151e+02   0.0000
  12900  1.307e+00  1.3073  1.151e+02   0.0000
  12920  1.307e+00  1.3073  1.152e+02   0.0000
  12940  1.307e+00  1.3073  1.152e+02   0.0000
  12960  1.307e+00  1.3074  1.152e+02   0.0000
  12980  1.307e+00  1.3074  1.152e+02   0.0000
  13000  1.307e+00  1.3074  1.152e+02   0.0000
  13020  1.353e+00  1.3532  1.152e+02   0.0000
  13040  1.352e+00  1.3524  1.152e+02   0.0000
  13060  1.348e+00  1.3483  1.152e+02   0.0000
  13080  1.349e+00  1.3487  1.152e+02   0.0000
  13100  1.349e+00  1.3493  1.152e+02   0.0000
  13120  1.349e+00  1.3494  1.152e+02   0.0000
  13140  1.349e+00  1.3495  1.153e+02   0.0000
  13160  1.350e+00  1.3496  1.153e+02   0.0000
  13180  1.350e+00  1.3497  1.153e+02   0.0000
  13200  1.350e+00  1.3498  1.153e+02   0.0000
  13220  1.350e+00  1.3499  1.153e+02   0.0000
  13240  1.350e+00  1.3499  1.153e+02   0.0000
  13260  1.350e+00  1.3500  1.153e+02   0.0000
  13280  1.350e+00  1.3501  1.153e+02   0.0000
  13300  1.350e+00  1.3502  1.153e+02   0.0000
  13320  1.350e+00  1.3503  1.153e+02   0.0000
  13340  1.350e+00  1.3504  1.153e+02   0.0000
  13360  1.350e+00  1.3505  1.153e+02   0.0000
  13380  1.351e+00  1.3505  1.154e+02   0.0000
  13400  1.351e+00  1.3506  1.154e+02   0.0000
  13420  1.351e+00  1.3507  1.154e+02   0.0000
  13440  1.351e+00  1.3508  1.154e+02   0.0000
  13460  1.351e+00  1.3509  1.154e+02   0.0000
  13480  1.351e+00  1.3510  1.154e+02   0.0000
  13500  1.351e+00  1.3511  1.154e+02   0.0000
  13520  1.351e+00  1.3512  1.154e+02   0.0000
  13540  1.351e+00  1.3513  1.154e+02   0.0000
  13560  1.351e+00  1.3514  1.154e+02   0.0000
  13580  1.352e+00  1.3515  1.154e+02   0.0000
  13600  1.352e+00  1.3516  1.154e+02   0.0000
  13620  1.352e+00  1.3517  1.155e+02   0.0000
  13640  1.352e+00  1.3518  1.155e+02   0.0000
  13660  1.352e+00  1.3519  1.155e+02   0.0000
  13680  1.352e+00  1.3520  1.155e+02   0.0000
  13700  1.352e+00  1.3521  1.155e+02   0.0000
  13720  1.352e+00  1.3522  1.155e+02   0.0000
  13740  1.352e+00  1.3523  1.155e+02   0.0000
  13760  1.352e+00  1.3524  1.155e+02   0.0000
  13780  1.352e+00  1.3525  1.155e+02   0.0000
  13800  1.353e+00  1.3526  1.155e+02   0.0000
  13820  1.353e+00  1.3527  1.155e+02   0.0000
  13840  1.353e+00  1.3528  1.155e+02   0.0000
  13860  1.353e+00  1.3528  1.156e+02   0.0000
  13880  1.353e+00  1.3529  1.156e+02   0.0000
  13900  1.353e+00  1.3530  1.156e+02   0.0000
  13920  1.353e+00  1.3531  1.156e+02   0.0000
  13940  1.353e+00  1.3532  1.156e+02   0.0000
  13960  1.353e+00  1.3533  1.156e+02   0.0000
  13980  1.353e+00  1.3534  1.156e+02   0.0000
  14000  1.238e+00  1.3534  1.156e+02   0.0010
  14020  -1.047e+00  1.3535  1.143e+02   0.0210
  14040  -3.283e+00  1.3535  1.131e+02   0.0410
  14060  -5.486e+00  1.3533  1.121e+02   0.0610
  14080  -7.664e+00  1.3531  1.113e+02   0.0810
  14100  -9.821e+00  1.3528  1.106e+02   0.1010
  14120  -1.196e+01  1.3525  1.100e+02   0.1210
  14140  -1.407e+01  1.3521  1.094e+02   0.1410
  14160  -1.617e+01  1.3517  1.089e+02   0.1610
  14180  -1.826e+01  1.3512  1.083e+02   0.1810
  14200  -2.032e+01  1.3508  1.078e+02   0.2010
  14220  -2.238e+01  1.3503  1.074e+02   0.2210
  14240  -2.441e+01  1.3497  1.069e+02   0.2410
  14260  -2.644e+01  1.3490  1.065e+02   0.2610
  14280  -2.845e+01  1.3483  1.060e+02   0.2810
  14300  -3.044e+01  1.3479  1.056e+02   0.3010
  14320  -3.243e+01  1.3471  1.052e+02   0.3210
  14340  -3.440e+01  1.3463  1.048e+02   0.3410
  14360  -3.636e+01  1.3455  1.044e+02   0.3610
  14380  -3.831e+01  1.3450  1.041e+02   0.3810
  14400  -4.025e+01  1.3443  1.037e+02   0.4010
  14420  -4.217e+01  1.3434  1.034e+02   0.4210
  14440  -4.409e+01  1.3426  1.030e+02   0.4410
  14460  -4.599e+01  1.3417  1.027e+02   0.4610
  14480  -4.789e+01  1.3408  1.023e+02   0.4810
  14500  -4.977e+01  1.3399  1.020e+02   0.5010
  14520  -5.165e+01  1.3389  1.017e+02   0.5210
  14540  -5.352e+01  1.3379  1.014e+02   0.5410
  14560  -5.537e+01  1.3368  1.011e+02   0.5610
  14580  -5.722e+01  1.3357  1.008e+02   0.5810
  14600  -5.906e+01  1.3346  1.005e+02   0.6010
  14620  -6.089e+01  1.3334  1.002e+02   0.6210
  14640  -6.271e+01  1.3323  9.991e+01   0.6410
  14660  -6.452e+01  1.3310  9.962e+01   0.6610
  14680  -6.632e+01  1.3298  9.934e+01   0.6810
  14700  -6.812e+01  1.3286  9.907e+01   0.7010
  14720  -6.991e+01  1.3275  9.880e+01   0.7210
  14740  -7.168e+01  1.3266  9.853e+01   0.7410
  14760  -7.345e+01  1.3254  9.827e+01   0.7610
  14780  -7.522e+01  1.3243  9.800e+01   0.7810
  14800  -7.697e+01  1.3230  9.775e+01   0.8010
  14820  -7.872e+01  1.3218  9.749e+01   0.8210
  14840  -8.046e+01  1.3206  9.724e+01   0.8410
  14860  -8.219e+01  1.3193  9.699e+01   0.8610
  14880  -8.392e+01  1.3179  9.675e+01   0.8810
  14900  -8.563e+01  1.3164  9.650e+01   0.9010
  14920  -8.734e+01  1.3150  9.626e+01   0.9210
  14940  -8.905e+01  1.3137  9.603e+01   0.9410
  14960  -9.074e+01  1.3123  9.579e+01   0.9610
  14980  -9.243e+01  1.3109  9.556e+01   0.9810
  15000  -9.402e+01  1.3095  9.533e+01   1.0000
  15020  -9.379e+01  1.3082  9.510e+01   1.0000
  15040  -9.357e+01  1.3070  9.488e+01   1.0000
  15060  -9.335e+01  1.3062  9.466e+01   1.0000
  15080  -9.314e+01  1.3052  9.445e+01   1.0000
  15100  -9.294e+01  1.3043  9.424e+01   1.0000
  15120  -9.274e+01  1.3034  9.404e+01   1.0000
  15140  -9.254e+01  1.3024  9.384e+01   1.0000
  15160  -9.235e+01  1.3016  9.365e+01   1.0000
  15180  -9.216e+01  1.3008  9.346e+01   1.0000
  15200  -9.197e+01  1.3001  9.327e+01   1.0000
  15220  -9.179e+01  1.2994  9.309e+01   1.0000
  15240  -9.161e+01  1.2988  9.291e+01   1.0000
  15260  -9.143e+01  1.2981  9.273e+01   1.0000
  15280  -9.126e+01  1.2974  9.255e+01   1.0000
  15300  -9.108e+01  1.2967  9.238e+01   1.0000
  15320  -9.091e+01  1.2960  9.221e+01   1.0000
  15340  -9.074e+01  1.2954  9.204e+01   1.0000
  15360  -9.058e+01  1.2948  9.187e+01   1.0000
  15380  -9.041e+01  1.2943  9.171e+01   1.0000
  15400  -9.025e+01  1.2939  9.155e+01   1.0000
  15420  -9.009e+01  1.2935  9.139e+01   1.0000
  15440  -8.993e+01  1.2931  9.123e+01   1.0000
  15460  -8.978e+01  1.2926  9.107e+01   1.0000
  15480  -8.962e+01  1.2921  9.091e+01   1.0000
  15500  -8.947e+01  1.2917  9.076e+01   1.0000
  15520  -8.931e+01  1.2912  9.060e+01   1.0000
  15540  -8.916e+01  1.2908  9.045e+01   1.0000
  15560  -8.901e+01  1.2905  9.030e+01   1.0000
  15580  -8.886e+01  1.2902  9.015e+01   1.0000
  15600  -8.872e+01  1.2899  9.001e+01   1.0000
  15620  -8.857e+01  1.2896  8.986e+01   1.0000
  15640  -8.842e+01  1.2892  8.971e+01   1.0000
  15660  -8.828e+01  1.2888  8.957e+01   1.0000
  15680  -8.814e+01  1.2884  8.942e+01   1.0000
  15700  -8.799e+01  1.2881  8.928e+01   1.0000
  15720  -8.785e+01  1.2877  8.914e+01   1.0000
  15740  -8.771e+01  1.2873  8.900e+01   1.0000
  15760  -8.757e+01  1.2870  8.886e+01   1.0000
  15780  -8.743e+01  1.2866  8.872e+01   1.0000
  15800  -8.730e+01  1.2863  8.858e+01   1.0000
  15820  -8.716e+01  1.2859  8.844e+01   1.0000
  15840  -8.702e+01  1.2856  8.831e+01   1.0000
  15860  -8.689e+01  1.2853  8.817e+01   1.0000
  15880  -8.675e+01  1.2850  8.804e+01   1.0000
  15900  -8.662e+01  1.2846  8.790e+01   1.0000
  15920  -8.648e+01  1.2844  8.777e+01   1.0000
  15940  -8.635e+01  1.2843  8.763e+01   1.0000
  15960  -8.622e+01  1.2841  8.750e+01   1.0000
  15980  -8.609e+01  1.2836  8.737e+01   1.0000
  16000  -8.595e+01  1.2832  8.724e+01   1.0000
  16020  -8.582e+01  1.2830  8.711e+01   1.0000
  16040  -8.569e+01  1.2828  8.698e+01   1.0000
  16060  -8.557e+01  1.2825  8.685e+01   1.0000
  16080  -8.544e+01  1.2823  8.672e+01   1.0000
  16100  -8.531e+01  1.2821  8.659e+01   1.0000
  16120  -8.518e+01  1.2819  8.646e+01   1.0000
  16140  -8.505e+01  1.2816  8.633e+01   1.0000
  16160  -8.493e+01  1.2814  8.621e+01   1.0000
  16180  -8.480e+01  1.2812  8.608e+01   1.0000
  16200  -8.467e+01  1.2810  8.596e+01   1.0000
  16220  -8.455e+01  1.2807  8.583e+01   1.0000
  16240  -8.442e+01  1.2805  8.570e+01   1.0000
  16260  -8.430e+01  1.2802  8.558e+01   1.0000
  16280  -8.417e+01  1.2800  8.545e+01   1.0000
  16300  -8.405e+01  1.2798  8.533e+01   1.0000
  16320  -8.393e+01  1.2796  8.521e+01   1.0000
  16340  -8.380e+01  1.2795  8.508e+01   1.0000
  16360  -8.368e+01  1.2794  8.496e+01   1.0000
  16380  -8.356e+01  1.2792  8.484e+01   1.0000
  16400  -8.344e+01  1.2790  8.472e+01   1.0000
  16420  -8.332e+01  1.2788  8.459e+01   1.0000
  16440  -8.319e+01  1.2786  8.447e+01   1.0000
  16460  -8.307e+01  1.2784  8.435e+01   1.0000
  16480  -8.295e+01  1.2782  8.423e+01   1.0000
  16500  -8.283e+01  1.2780  8.411e+01   1.0000
  16520  -8.271e+01  1.2778  8.399e+01   1.0000
  16540  -8.259e+01  1.2775  8.387e+01   1.0000
  16560  -8.247e+01  1.2773  8.375e+01   1.0000
  16580  -8.235e+01  1.2771  8.363e+01   1.0000
  16600  -8.223e+01  1.2770  8.351e+01   1.0000
  16620  -8.212e+01  1.2768  8.339e+01   1.0000
  16640  -8.200e+01  1.2766  8.327e+01   1.0000
  16660  -8.188e+01  1.2764  8.316e+01   1.0000
  16680  -8.176e+01  1.2763  8.304e+01   1.0000
  16700  -8.164e+01  1.2761  8.292e+01   1.0000
  16720  -8.153e+01  1.2759  8.280e+01   1.0000
  16740  -8.141e+01  1.2758  8.268e+01   1.0000
  16760  -8.129e+01  1.2756  8.257e+01   1.0000
  16780  -8.118e+01  1.2754  8.245e+01   1.0000
  16800  -8.106e+01  1.2752  8.233e+01   1.0000
  16820  -8.094e+01  1.2750  8.222e+01   1.0000
  16840  -8.083e+01  1.2748  8.210e+01   1.0000
  16860  -8.071e+01  1.2745  8.199e+01   1.0000
  16880  -8.060e+01  1.2743  8.187e+01   1.0000
  16900  -8.048e+01  1.2741  8.175e+01   1.0000
  16920  -8.037e+01  1.2739  8.164e+01   1.0000
  16940  -8.025e+01  1.2737  8.152e+01   1.0000
  16960  -8.014e+01  1.2735  8.141e+01   1.0000
  16980  -8.002e+01  1.2733  8.129e+01   1.0000
  17000  -7.991e+01  1.2732  8.118e+01   1.0000
  17020  -7.979e+01  1.2730  8.106e+01   1.0000
  17040  -7.968e+01  1.2729  8.095e+01   1.0000
  17060  -7.956e+01  1.2737  8.084e+01   1.0000
  17080  -7.945e+01  1.2734  8.072e+01   1.0000
  17100  -7.934e+01  1.2735  8.061e+01   1.0000
  17120  -7.922e+01  1.2733  8.049e+01   1.0000
  17140  -7.911e+01  1.2731  8.038e+01   1.0000
  17160  -7.900e+01  1.2729  8.027e+01   1.0000
  17180  -7.888e+01  1.2728  8.016e+01   1.0000
  17200  -7.877e+01  1.2726  8.004e+01   1.0000
  17220  -7.866e+01  1.2725  7.993e+01   1.0000
  17240  -7.854e+01  1.2723  7.982e+01   1.0000
  17260  -7.843e+01  1.2722  7.970e+01   1.0000
  17280  -7.832e+01  1.2721  7.959e+01   1.0000
  17300  -7.821e+01  1.2719  7.948e+01   1.0000
  17320  -7.810e+01  1.2718  7.937e+01   1.0000
  17340  -7.798e+01  1.2716  7.926e+01   1.0000
  17360  -7.787e+01  1.2715  7.914e+01   1.0000
  17380  -7.776e+01  1.2713  7.903e+01   1.0000
  17400  -7.765e+01  1.2712  7.892e+01   1.0000
  17420  -7.754e+01  1.2710  7.881e+01   1.0000
  17440  -7.743e+01  1.2707  7.870e+01   1.0000
  17460  -7.732e+01  1.2706  7.859e+01   1.0000
  17480  -7.720e+01  1.2704  7.847e+01   1.0000
  17500  -7.709e+01  1.2703  7.836e+01   1.0000
  17520  -7.698e+01  1.2701  7.825e+01   1.0000
  17540  -7.687e+01  1.2700  7.814e+01   1.0000
  17560  -7.676e+01  1.2698  7.803e+01   1.0000
  17580  -7.665e+01  1.2697  7.792e+01   1.0000
  17600  -7.654e+01  1.2696  7.781e+01   1.0000
  17620  -7.643e+01  1.2694  7.770e+01   1.0000
  17640  -7.632e+01  1.2693  7.759e+01   1.0000
  17660  -7.621e+01  1.2691  7.748e+01   1.0000
  17680  -7.610e+01  1.2690  7.737e+01   1.0000
  17700  -7.599e+01  1.2688  7.726e+01   1.0000
  17720  -7.588e+01  1.2687  7.715e+01   1.0000
  17740  -7.577e+01  1.2685  7.704e+01   1.0000
  17760  -7.566e+01  1.2683  7.693e+01   1.0000
  17780  -7.555e+01  1.2682  7.682e+01   1.0000
  17800  -7.544e+01  1.2680  7.671e+01   1.0000
  17820  -7.533e+01  1.2679  7.660e+01   1.0000
  17840  -7.522e+01  1.2677  7.649e+01   1.0000
  17860  -7.512e+01  1.2676  7.638e+01   1.0000
  17880  -7.501e+01  1.2674  7.627e+01   1.0000
  17900  -7.490e+01  1.2673  7.616e+01   1.0000
  17920  -7.479e+01  1.2671  7.606e+01   1.0000
  17940  -7.468e+01  1.2669  7.595e+01   1.0000
  17960  -7.457e+01  1.2668  7.584e+01   1.0000
  17980  -7.446e+01  1.2666  7.573e+01   1.0000
  18000  -7.435e+01  1.2665  7.562e+01   1.0000
  18020  -7.425e+01  1.2663  7.551e+01   1.0000
  18040  -7.414e+01  1.2662  7.540e+01   1.0000
  18060  -7.403e+01  1.2660  7.530e+01   1.0000
  18080  -7.392e+01  1.2659  7.519e+01   1.0000
  18100  -7.381e+01  1.2657  7.508e+01   1.0000
  18120  -7.370e+01  1.2656  7.497e+01   1.0000
  18140  -7.360e+01  1.2654  7.486e+01   1.0000
  18160  -7.349e+01  1.2652  7.475e+01   1.0000
  18180  -7.338e+01  1.2651  7.465e+01   1.0000
  18200  -7.327e+01  1.2649  7.454e+01   1.0000
  18220  -7.317e+01  1.2648  7.443e+01   1.0000
  18240  -7.306e+01  1.2651  7.432e+01   1.0000
  18260  -7.295e+01  1.2652  7.421e+01   1.0000
  18280  -7.284e+01  1.2646  7.411e+01   1.0000
  18300  -7.273e+01  1.2643  7.400e+01   1.0000
  18320  -7.263e+01  1.2640  7.389e+01   1.0000
  18340  -7.252e+01  1.2639  7.378e+01   1.0000
  18360  -7.241e+01  1.2637  7.368e+01   1.0000
  18380  -7.231e+01  1.2636  7.357e+01   1.0000
  18400  -7.220e+01  1.2635  7.346e+01   1.0000
  18420  -7.209e+01  1.2633  7.335e+01   1.0000
  18440  -7.198e+01  1.2631  7.325e+01   1.0000
  18460  -7.188e+01  1.2629  7.314e+01   1.0000
  18480  -7.177e+01  1.2627  7.303e+01   1.0000
  18500  -7.166e+01  1.2625  7.293e+01   1.0000
  18520  -7.156e+01  1.2623  7.282e+01   1.0000
  18540  -7.145e+01  1.2621  7.271e+01   1.0000
  18560  -7.134e+01  1.2619  7.260e+01   1.0000
  18580  -7.124e+01  1.2617  7.250e+01   1.0000
  18600  -7.113e+01  1.2616  7.239e+01   1.0000
  18620  -7.102e+01  1.2614  7.228e+01   1.0000
  18640  -7.092e+01  1.2613  7.218e+01   1.0000
  18660  -7.081e+01  1.2611  7.207e+01   1.0000
  18680  -7.070e+01  1.2610  7.197e+01   1.0000
  18700  -7.060e+01  1.2608  7.186e+01   1.0000
  18720  -7.049e+01  1.2607  7.175e+01   1.0000
  18740  -7.039e+01  1.2605  7.165e+01   1.0000
  18760  -7.028e+01  1.2604  7.154e+01   1.0000
  18780  -7.017e+01  1.2602  7.143e+01   1.0000
  18800  -7.007e+01  1.2600  7.133e+01   1.0000
  18820  -6.996e+01  1.2599  7.122e+01   1.0000
  18840  -6.986e+01  1.2597  7.111e+01   1.0000
  18860  -6.975e+01  1.2595  7.101e+01   1.0000
  18880  -6.964e+01  1.2594  7.090e+01   1.0000
  18900  -6.954e+01  1.2592  7.080e+01   1.0000
  18920  -6.943e+01  1.2590  7.069e+01   1.0000
  18940  -6.933e+01  1.2588  7.059e+01   1.0000
  18960  -6.922e+01  1.2587  7.048e+01   1.0000
  18980  -6.912e+01  1.2585  7.037e+01   1.0000
  19000  -6.901e+01  1.2582  7.027e+01   1.0000
  19020  -6.890e+01  1.2580  7.016e+01   1.0000
  19040  -6.880e+01  1.2579  7.006e+01   1.0000
  19060  -6.869e+01  1.2577  6.995e+01   1.0000
  19080  -6.859e+01  1.2575  6.985e+01   1.0000
  19100  -6.848e+01  1.2573  6.974e+01   1.0000
  19120  -6.838e+01  1.2571  6.963e+01   1.0000
  19140  -6.827e+01  1.2569  6.953e+01   1.0000
  19160  -6.817e+01  1.2567  6.942e+01   1.0000
  19180  -6.806e+01  1.2565  6.932e+01   1.0000
  19200  -6.796e+01  1.2563  6.921e+01   1.0000
  19220  -6.785e+01  1.2561  6.911e+01   1.0000
  19240  -6.775e+01  1.2559  6.900e+01   1.0000
  19260  -6.764e+01  1.2557  6.890e+01   1.0000
  19280  -6.754e+01  1.2555  6.879e+01   1.0000
  19300  -6.743e+01  1.2553  6.869e+01   1.0000
  19320  -6.733e+01  1.2551  6.858e+01   1.0000
  19340  -6.722e+01  1.2549  6.848e+01   1.0000
  19360  -6.712e+01  1.2547  6.837e+01   1.0000
  19380  -6.701e+01  1.2545  6.827e+01   1.0000
  19400  -6.691e+01  1.2542  6.816e+01   1.0000
  19420  -6.680e+01  1.2540  6.806e+01   1.0000
  19440  -6.670e+01  1.2538  6.795e+01   1.0000
  19460  -6.660e+01  1.2536  6.785e+01   1.0000
  19480  -6.649e+01  1.2534  6.774e+01   1.0000
  19500  -6.639e+01  1.2531  6.764e+01   1.0000
  19520  -6.628e+01  1.2529  6.754e+01   1.0000
  19540  -6.618e+01  1.2527  6.743e+01   1.0000
  19560  -6.607e+01  1.2525  6.733e+01   1.0000
  19580  -6.597e+01  1.2522  6.722e+01   1.0000
  19600  -6.587e+01  1.2520  6.712e+01   1.0000
  19620  -6.576e+01  1.2518  6.701e+01   1.0000
  19640  -6.566e+01  1.2515  6.691e+01   1.0000
  19660  -6.555e+01  1.2513  6.680e+01   1.0000
  19680  -6.545e+01  1.2511  6.670e+01   1.0000
  19700  -6.535e+01  1.2508  6.660e+01   1.0000
  19720  -6.524e+01  1.2506  6.649e+01   1.0000
  19740  -6.514e+01  1.2504  6.639e+01   1.0000
  19760  -6.503e+01  1.2501  6.628e+01   1.0000
  19780  -6.493e+01  1.2499  6.618e+01   1.0000
  19800  -6.483e+01  1.2497  6.608e+01   1.0000
  19820  -6.472e+01  1.2494  6.597e+01   1.0000
  19840  -6.462e+01  1.2497  6.587e+01   1.0000
  19860  -6.452e+01  1.2493  6.576e+01   1.0000
  19880  -6.441e+01  1.2488  6.566e+01   1.0000
  19900  -6.431e+01  1.2485  6.556e+01   1.0000
  19920  -6.420e+01  1.2483  6.545e+01   1.0000
  19940  -6.410e+01  1.2480  6.535e+01   1.0000
  19960  -6.400e+01  1.2478  6.525e+01   1.0000
  19980  -6.389e+01  1.2475  6.514e+01   1.0000
The log/output/model have been saved to: ./logs/scripts-toy_data_regression.py-toy-regression-03-10-16-35-motev + .csv/.out/.cpt
